<?xml version="1.0" encoding="UTF-8"?>
<!-- Generated by org.testng.reporters.JUnitReportReporter -->
<testsuite hostname="Sohail-NYC" failures="0" tests="1" name="books.apis.testPackages.GetBooksStatusTest" time="3.547" errors="0" timestamp="2022-10-25T00:17:17 EDT" skipped="0">
  <testcase classname="books.apis.testPackages.GetBooksStatusTest" name="getSimpleStatus" time="3.547"/>
  <system-out/>
</testsuite> <!-- books.apis.testPackages.GetBooksStatusTest -->
