<?xml version="1.0" encoding="UTF-8"?>
<!-- Generated by org.testng.reporters.JUnitReportReporter -->
<testsuite hostname="Sohail-NYC" failures="0" tests="1" name="books.apis.testPackages.PutBooksApiTest" time="5.222" errors="0" timestamp="2022-10-25T01:10:25 EDT" skipped="0">
  <testcase classname="books.apis.testPackages.PutBooksApiTest" name="putCallUpdateOrder" time="5.222"/>
  <system-out/>
</testsuite> <!-- books.apis.testPackages.PutBooksApiTest -->
