<?xml version="1.0" encoding="UTF-8"?>
<!-- Generated by org.testng.reporters.JUnitReportReporter -->
<testsuite hostname="Sohail-NYC" failures="0" tests="1" name="books.apis.testPackages.GetBookOrders" time="3.285" errors="0" timestamp="2022-10-25T01:05:17 EDT" skipped="0">
  <testcase classname="books.apis.testPackages.GetBookOrders" name="getAllOrdersResponse" time="3.285"/>
  <system-out/>
</testsuite> <!-- books.apis.testPackages.GetBookOrders -->
