<?xml version="1.0" encoding="UTF-8"?>
<!-- Generated by org.testng.reporters.JUnitReportReporter -->
<testsuite hostname="Sohail-NYC" failures="0" tests="12" name="books.apis.testPackages.GetBookList" time="4.465" errors="0" timestamp="2022-10-25T00:37:56 EDT" skipped="11">
  <testcase classname="books.apis.testPackages.GetBookList" name="assertFictionBooksName" time="4.465"/>
  <system-out/>
  <testcase classname="books.apis.testPackages.GetBookList" name="assertStatusCode">
    <skipped/>
  </testcase> <!-- assertStatusCode -->
  <system-out/>
  <testcase classname="books.apis.testPackages.GetBookList" name="assertionBody">
    <skipped/>
  </testcase> <!-- assertionBody -->
  <system-out/>
  <testcase classname="books.apis.testPackages.GetBookList" name="printHeaders">
    <skipped/>
  </testcase> <!-- printHeaders -->
  <system-out/>
  <testcase classname="books.apis.testPackages.GetBookList" name="printHeader">
    <skipped/>
  </testcase> <!-- printHeader -->
  <system-out/>
  <testcase classname="books.apis.testPackages.GetBookList" name="assertShortFictionBooksName">
    <skipped/>
  </testcase> <!-- assertShortFictionBooksName -->
  <system-out/>
  <testcase classname="books.apis.testPackages.GetBookList" name="printResponse">
    <skipped/>
  </testcase> <!-- printResponse -->
  <system-out/>
  <testcase classname="books.apis.testPackages.GetBookList" name="logRequestResponse">
    <skipped/>
  </testcase> <!-- logRequestResponse -->
  <system-out/>
  <testcase classname="books.apis.testPackages.GetBookList" name="jsonPathSingleEntity">
    <skipped/>
  </testcase> <!-- jsonPathSingleEntity -->
  <system-out/>
  <testcase classname="books.apis.testPackages.GetBookList" name="jsonPathList">
    <skipped/>
  </testcase> <!-- jsonPathList -->
  <system-out/>
  <testcase classname="books.apis.testPackages.GetBookList" name="assertAHeader">
    <skipped/>
  </testcase> <!-- assertAHeader -->
  <system-out/>
  <testcase classname="books.apis.testPackages.GetBookList" name="assertContentType">
    <skipped/>
  </testcase> <!-- assertContentType -->
  <system-out/>
</testsuite> <!-- books.apis.testPackages.GetBookList -->
