<?xml version="1.0" encoding="UTF-8"?>
<!-- Generated by org.testng.reporters.JUnitReportReporter -->
<testsuite hostname="Sohail-NYC" failures="0" tests="2" name="books.apis.testPackages.PostABookOrder" time="4.292" errors="0" timestamp="2022-10-25T01:00:22 EDT" skipped="1">
  <testcase classname="books.apis.testPackages.PostABookOrder" name="postBookOrder" time="4.292"/>
  <system-out/>
  <testcase classname="books.apis.testPackages.PostABookOrder" name="negativePostBookOrder">
    <skipped/>
  </testcase> <!-- negativePostBookOrder -->
  <system-out/>
</testsuite> <!-- books.apis.testPackages.PostABookOrder -->
