<?xml version="1.0" encoding="UTF-8"?>
<!-- Generated by org.testng.reporters.JUnitReportReporter -->
<testsuite hostname="Sohail-NYC" failures="0" tests="2" name="books.apis.testPackages.PostBooksAuthentication" time="3.368" errors="0" timestamp="2022-10-25T00:57:28 EDT" skipped="1">
  <testcase classname="books.apis.testPackages.PostBooksAuthentication" name="createAuthentication" time="3.368"/>
  <system-out/>
  <testcase classname="books.apis.testPackages.PostBooksAuthentication" name="negativeTestAuthentication">
    <skipped/>
  </testcase> <!-- negativeTestAuthentication -->
  <system-out/>
</testsuite> <!-- books.apis.testPackages.PostBooksAuthentication -->
